e:\20201\thuctapgameloft\gameloft\release\bai3.ipdb
e:\20201\thuctapgameloft\gameloft\release\bai3.iobj
e:\20201\thuctapgameloft\gameloft\bai3\release\vc142.pdb
e:\20201\thuctapgameloft\gameloft\bai3\release\tree.obj
e:\20201\thuctapgameloft\gameloft\bai3\release\staticobject.obj
e:\20201\thuctapgameloft\gameloft\bai3\release\motorbike.obj
e:\20201\thuctapgameloft\gameloft\bai3\release\main.obj
e:\20201\thuctapgameloft\gameloft\bai3\release\house.obj
e:\20201\thuctapgameloft\gameloft\bai3\release\dynamicobject.obj
e:\20201\thuctapgameloft\gameloft\bai3\release\baseobject.obj
e:\20201\thuctapgameloft\gameloft\bai3\release\car.obj
e:\20201\thuctapgameloft\gameloft\release\bai3.exe
e:\20201\thuctapgameloft\gameloft\release\bai3.pdb
e:\20201\thuctapgameloft\gameloft\bai3\release\bai3.tlog\bai3.write.1u.tlog
e:\20201\thuctapgameloft\gameloft\bai3\release\bai3.tlog\cl.command.1.tlog
e:\20201\thuctapgameloft\gameloft\bai3\release\bai3.tlog\cl.read.1.tlog
e:\20201\thuctapgameloft\gameloft\bai3\release\bai3.tlog\cl.write.1.tlog
e:\20201\thuctapgameloft\gameloft\bai3\release\bai3.tlog\link.command.1.tlog
e:\20201\thuctapgameloft\gameloft\bai3\release\bai3.tlog\link.read.1.tlog
e:\20201\thuctapgameloft\gameloft\bai3\release\bai3.tlog\link.write.1.tlog
